12 12
0 1
6 10
6 11
1 2
1 5
8 11
9 10
3 5
4 6
11 12
5 6
5 7
18 19
0 1
0 4
5 16
0 18
9 15
9 14
4 7
8 15
3 10
3 13
3 16
12 15
7 9
7 17
7 19
2 11
16 19
2 19
6 9
1 1
0 1
98 99
40 99
81 99
35 99
76 99
30 99
71 99
25 99
66 99
20 99
61 99
15 99
56 99
97 99
10 99
51 99
92 99
5 99
46 99
87 99
0 99
41 99
82 99
36 99
77 99
31 99
72 99
26 99
67 99
21 99
62 99
16 99
57 99
98 99
11 99
52 99
93 99
6 99
47 99
88 99
1 99
42 99
83 99
37 99
78 99
32 99
73 99
27 99
68 99
22 99
63 99
17 99
58 99
12 99
53 99
94 99
7 99
48 99
89 99
2 99
43 99
84 99
38 99
79 99
33 99
74 99
28 99
69 99
23 99
64 99
18 99
59 99
13 99
54 99
95 99
8 99
49 99
90 99
3 99
44 99
85 99
39 99
80 99
34 99
75 99
29 99
70 99
24 99
65 99
19 99
60 99
14 99
55 99
96 99
9 99
50 99
91 99
4 99
45 99
86 99
97 99
0 1
40 98
71 72
76 99
30 98
25 98
20 98
36 37
36 38
15 98
56 99
10 98
21 22
21 23
51 99
92 99
5 98
46 98
87 99
0 98
77 78
41 98
72 73
82 99
36 98
62 63
57 58
72 99
26 98
67 99
16 98
57 99
27 29
11 98
93 94
52 99
6 98
12 13
83 84
88 99
78 79
42 98
68 69
78 99
53 54
48 49
48 50
68 99
63 99
33 34
33 35
12 98
94 99
7 98
48 98
84 85
89 99
2 98
43 98
3 4
3 5
74 75
84 99
33 98
74 99
54 55
28 98
23 98
64 99
39 41
18 98
59 99
54 99
95 96
95 99
8 98
90 99
80 81
44 98
80 99
65 66
60 61
29 98
70 99
24 98
45 47
65 99
19 98
60 99
30 31
30 32
14 98
96 97
9 98
50 99
15 17
91 99
45 98
86 99
98 99
15 36
5 21
30 87
30 91
30 92
30 96
20 79
71 99
25 94
56 67
36 37
46 66
36 60
0 80
11 13
0 93
41 92
21 47
16 36
16 38
36 94
31 90
26 92
62 81
21 97
11 75
52 80
47 73
52 86
6 81
11 99
6 98
1 89
17 25
27 55
12 20
7 11
27 69
2 14
12 42
32 93
27 95
27 96
63 85
22 93
58 78
12 73
58 81
2 51
2 55
43 63
58 99
48 87
94 97
89 90
23 43
8 10
84 99
18 45
23 58
3 12
23 61
28 78
33 92
23 72
8 45
64 90
59 82
3 59
39 56
3 74
34 49
34 67
44 99
29 65
39 89
75 77
70 73
9 38
70 83
9 45
29 94
19 80
24 92
65 88
65 92
50 57
45 46
45 53
40 50
4 67
4 68
45 67
50 81
35 59
40 76
30 54
86 90
81 86
